<?xml version="1.0" encoding="UTF-8"?>
<testsuite name="models.CheckoutTest" tests="1" skipped="0" failures="0" errors="0" timestamp="2021-07-10T06:34:29" hostname="Rachelles-MacBook-Pro.local" time="0.032">
  <properties/>
  <testcase name="testTotal()" classname="models.CheckoutTest" time="0.032"/>
  <system-out><![CDATA[]]></system-out>
  <system-err><![CDATA[]]></system-err>
</testsuite>
